Design: 05:15 p.m., Viernes, 06 de Septiembre de 2019
Design: Opening design "E:\FDD\practica4\vhd\compuertas\compuertas.adf"
Compilation with file reorder...
File: E:\FDD\practica4\vhd\compuertas.vhd
Compile Entity "compuertas"
Compile Architecture "DSMB" of Entity "compuertas"
Top-Level unit detected
Entity  =>   compuertas
Compile success 0 Errors 0 Warnings  Analysis time :  0.4 [s]
ELBREAD: Elaboration process.
ELBREAD: Elaboration time 0.0 [s].
ELBREAD: Elaboration process.
ELBREAD: Elaboration time 0.0 [s].
KERNEL: Main thread initiated.
KERNEL: Kernel process initialization phase.
ELAB2: Elaboration final pass...
ELAB2: Elaboration final pass complete - time: 0.1 [s].
KERNEL: Kernel process initialization done.
05:24 p.m., Viernes, 06 de Septiembre de 2019
Simulation has been initialized
Selected Top-Level: compuertas (DSMB)
KERNEL: stopped at time: 100 ns
KERNEL: Simulation has finished. There are no more test vectors to simulate.
KERNEL: stopped at time: 200 ns
KERNEL: Simulation has finished. There are no more test vectors to simulate.
KERNEL: stopped at time: 300 ns
KERNEL: Simulation has finished. There are no more test vectors to simulate.
KERNEL: stopped at time: 400 ns
KERNEL: Simulation has finished. There are no more test vectors to simulate.
KERNEL: stopped at time: 500 ns
KERNEL: Simulation has finished. There are no more test vectors to simulate.
KERNEL: stopped at time: 600 ns
KERNEL: Simulation has finished. There are no more test vectors to simulate.
KERNEL: stopped at time: 700 ns
KERNEL: Simulation has finished. There are no more test vectors to simulate.
Simulation has been stopped
