Design: 01:46 a.m., Jueves, 03 de Octubre de 2019
Design: Opening design "E:\FDD\practica7\vhd\sumador\sumador.adf"
ELBREAD: Elaboration process.
ELBREAD: Elaboration time 0.0 [s].
Compilation with file reorder...
File: E:\FDD\practica7\vhd\sumador.vhd
Compile Entity "suma"
Compile Architecture "DSMB" of Entity "suma"
Top-Level unit detected
Entity  =>   suma
Compile success 0 Errors 0 Warnings  Analysis time :  0.3 [s]
ELBREAD: Elaboration process.
ELBREAD: Elaboration time 0.0 [s].
ELBREAD: Elaboration process.
ELBREAD: Elaboration time 0.0 [s].
KERNEL: Main thread initiated.
KERNEL: Kernel process initialization phase.
ELAB2: Elaboration final pass...
ELAB2: Elaboration final pass complete - time: 0.0 [s].
KERNEL: Kernel process initialization done.
01:48 a.m., Jueves, 03 de Octubre de 2019
Simulation has been initialized
Selected Top-Level: suma (DSMB)
KERNEL: stopped at time: 100 ns
KERNEL: Simulation has finished. There are no more test vectors to simulate.
KERNEL: stopped at time: 200 ns
KERNEL: Simulation has finished. There are no more test vectors to simulate.
KERNEL: stopped at time: 300 ns
KERNEL: Simulation has finished. There are no more test vectors to simulate.
KERNEL: stopped at time: 400 ns
KERNEL: Simulation has finished. There are no more test vectors to simulate.
Simulation has been stopped
