Design: 07:23 p.m., Lunes, 30 de Noviembre de 2020
Design: Opening design "C:\Documents and Settings\jasiel\Escritorio\practica1\vhd\XOR\XOR.adf"
ELBREAD: Elaboration process.
ELBREAD: Elaboration time 0.0 [s].
Compilation with file reorder...
File: C:\Documents and Settings\jasiel\Escritorio\practica1\vhd\XOR.vhd
Compile Entity "and2"
Compile Architecture "DSMB" of Entity "and2"
Top-Level unit detected
Entity  =>   and2
Compile success 0 Errors 0 Warnings  Analysis time :  0.1 [s]
ELBREAD: Elaboration process.
ELBREAD: Elaboration time 0.0 [s].
ELBREAD: Elaboration process.
ELBREAD: Elaboration time 0.0 [s].
KERNEL: Main thread initiated.
KERNEL: Kernel process initialization phase.
ELAB2: Elaboration final pass...
ELAB2: Elaboration final pass complete - time: 0.0 [s].
KERNEL: Kernel process initialization done.
07:24 p.m., Lunes, 30 de Noviembre de 2020
Simulation has been initialized
Selected Top-Level: and2 (DSMB)
KERNEL: stopped at time: 100 ns
KERNEL: Simulation has finished. There are no more test vectors to simulate.
Simulation has been stopped
